{"D:\\SET2024\\udttest\\react\\src\\components\\App.tsx": {"path":"D:\\SET2024\\udttest\\react\\src\\components\\App.tsx","statementMap":{"0":{"start":{"line":1,"column":0},"end":{"line":1,"column":40}},"1":{"start":{"line":2,"column":0},"end":{"line":2,"column":48}},"2":{"start":{"line":3,"column":0},"end":{"line":3,"column":48}},"3":{"start":{"line":4,"column":0},"end":{"line":4,"column":39}},"4":{"start":{"line":7,"column":32},"end":{"line":7,"column":60}},"5":{"start":{"line":9,"column":2},"end":{"line":14,"column":null}},"6":{"start":{"line":10,"column":20},"end":{"line":10,"column":51}},"7":{"start":{"line":11,"column":4},"end":{"line":13,"column":5}},"8":{"start":{"line":12,"column":6},"end":{"line":12,"column":null}},"9":{"start":{"line":16,"column":2},"end":{"line":18,"column":null}},"10":{"start":{"line":17,"column":4},"end":{"line":17,"column":null}},"11":{"start":{"line":20,"column":30},"end":{"line":22,"column":3}},"12":{"start":{"line":21,"column":4},"end":{"line":21,"column":null}},"13":{"start":{"line":21,"column":25},"end":{"line":21,"column":43}},"14":{"start":{"line":23,"column":2},"end":{"line":28,"column":null}},"15":{"start":{"line":31,"column":0},"end":{"line":31,"column":null}}},"fnMap":{"0":{"name":"App","decl":{"start":{"line":6,"column":9},"end":{"line":6,"column":12}},"loc":{"start":{"line":6,"column":12},"end":{"line":29,"column":1}}},"1":{"name":"(anonymous_8)","decl":{"start":{"line":9,"column":12},"end":{"line":9,"column":15}},"loc":{"start":{"line":9,"column":17},"end":{"line":14,"column":3}}},"2":{"name":"(anonymous_9)","decl":{"start":{"line":16,"column":12},"end":{"line":16,"column":15}},"loc":{"start":{"line":16,"column":17},"end":{"line":18,"column":3}}},"3":{"name":"(anonymous_10)","decl":{"start":{"line":20,"column":30},"end":{"line":20,"column":31}},"loc":{"start":{"line":20,"column":50},"end":{"line":22,"column":3}}},"4":{"name":"(anonymous_11)","decl":{"start":{"line":21,"column":15},"end":{"line":21,"column":16}},"loc":{"start":{"line":21,"column":25},"end":{"line":21,"column":43}}}},"branchMap":{"0":{"loc":{"start":{"line":11,"column":4},"end":{"line":13,"column":5}},"type":"if","locations":[{"start":{"line":11,"column":4},"end":{"line":13,"column":5}}]}},"s":{"0":1,"1":1,"2":1,"3":1,"4":9,"5":9,"6":5,"7":5,"8":2,"9":9,"10":9,"11":9,"12":2,"13":2,"14":9,"15":1},"f":{"0":9,"1":5,"2":9,"3":2,"4":2},"b":{"0":[2]}}
,"D:\\SET2024\\udttest\\react\\src\\components\\Calculator\\Calculator.tsx": {"path":"D:\\SET2024\\udttest\\react\\src\\components\\Calculator\\Calculator.tsx","statementMap":{"0":{"start":{"line":1,"column":0},"end":{"line":1,"column":39}},"1":{"start":{"line":2,"column":0},"end":{"line":2,"column":39}},"2":{"start":{"line":8,"column":42},"end":{"line":8,"column":63}},"3":{"start":{"line":9,"column":34},"end":{"line":9,"column":39}},"4":{"start":{"line":11,"column":14},"end":{"line":11,"column":34}},"5":{"start":{"line":13,"column":23},"end":{"line":22,"column":3}},"6":{"start":{"line":14,"column":4},"end":{"line":16,"column":5}},"7":{"start":{"line":15,"column":6},"end":{"line":15,"column":null}},"8":{"start":{"line":17,"column":4},"end":{"line":20,"column":5}},"9":{"start":{"line":18,"column":27},"end":{"line":18,"column":50}},"10":{"start":{"line":19,"column":6},"end":{"line":19,"column":null}},"11":{"start":{"line":21,"column":4},"end":{"line":21,"column":null}},"12":{"start":{"line":24,"column":20},"end":{"line":37,"column":3}},"13":{"start":{"line":25,"column":4},"end":{"line":36,"column":5}},"14":{"start":{"line":26,"column":6},"end":{"line":26,"column":null}},"15":{"start":{"line":27,"column":6},"end":{"line":29,"column":7}},"16":{"start":{"line":28,"column":8},"end":{"line":28,"column":null}},"17":{"start":{"line":30,"column":21},"end":{"line":30,"column":32}},"18":{"start":{"line":31,"column":30},"end":{"line":31,"column":50}},"19":{"start":{"line":32,"column":6},"end":{"line":32,"column":null}},"20":{"start":{"line":33,"column":6},"end":{"line":33,"column":null}},"21":{"start":{"line":35,"column":6},"end":{"line":35,"column":null}},"22":{"start":{"line":39,"column":27},"end":{"line":54,"column":3}},"23":{"start":{"line":40,"column":4},"end":{"line":43,"column":5}},"24":{"start":{"line":41,"column":6},"end":{"line":41,"column":null}},"25":{"start":{"line":42,"column":6},"end":{"line":42,"column":12}},"26":{"start":{"line":44,"column":4},"end":{"line":50,"column":5}},"27":{"start":{"line":45,"column":25},"end":{"line":45,"column":56}},"28":{"start":{"line":46,"column":6},"end":{"line":49,"column":7}},"29":{"start":{"line":47,"column":8},"end":{"line":47,"column":null}},"30":{"start":{"line":48,"column":8},"end":{"line":48,"column":14}},"31":{"start":{"line":51,"column":19},"end":{"line":51,"column":61}},"32":{"start":{"line":52,"column":4},"end":{"line":52,"column":null}},"33":{"start":{"line":53,"column":4},"end":{"line":53,"column":null}},"34":{"start":{"line":56,"column":22},"end":{"line":67,"column":3}},"35":{"start":{"line":57,"column":4},"end":{"line":60,"column":5}},"36":{"start":{"line":58,"column":6},"end":{"line":58,"column":null}},"37":{"start":{"line":59,"column":6},"end":{"line":59,"column":12}},"38":{"start":{"line":61,"column":23},"end":{"line":61,"column":61}},"39":{"start":{"line":62,"column":4},"end":{"line":64,"column":5}},"40":{"start":{"line":63,"column":6},"end":{"line":63,"column":12}},"41":{"start":{"line":66,"column":4},"end":{"line":66,"column":null}},"42":{"start":{"line":69,"column":26},"end":{"line":86,"column":3}},"43":{"start":{"line":70,"column":4},"end":{"line":73,"column":5}},"44":{"start":{"line":71,"column":6},"end":{"line":71,"column":null}},"45":{"start":{"line":72,"column":6},"end":{"line":72,"column":12}},"46":{"start":{"line":74,"column":4},"end":{"line":77,"column":5}},"47":{"start":{"line":75,"column":6},"end":{"line":75,"column":null}},"48":{"start":{"line":76,"column":6},"end":{"line":76,"column":12}},"49":{"start":{"line":78,"column":4},"end":{"line":84,"column":5}},"50":{"start":{"line":79,"column":25},"end":{"line":79,"column":56}},"51":{"start":{"line":80,"column":6},"end":{"line":83,"column":7}},"52":{"start":{"line":81,"column":8},"end":{"line":81,"column":null}},"53":{"start":{"line":82,"column":8},"end":{"line":82,"column":14}},"54":{"start":{"line":85,"column":4},"end":{"line":85,"column":null}},"55":{"start":{"line":88,"column":25},"end":{"line":100,"column":3}},"56":{"start":{"line":89,"column":4},"end":{"line":94,"column":5}},"57":{"start":{"line":93,"column":6},"end":{"line":93,"column":12}},"58":{"start":{"line":95,"column":4},"end":{"line":98,"column":5}},"59":{"start":{"line":96,"column":6},"end":{"line":96,"column":null}},"60":{"start":{"line":97,"column":6},"end":{"line":97,"column":12}},"61":{"start":{"line":99,"column":4},"end":{"line":99,"column":null}},"62":{"start":{"line":102,"column":22},"end":{"line":149,"column":3}},"63":{"start":{"line":103,"column":4},"end":{"line":148,"column":5}},"64":{"start":{"line":105,"column":8},"end":{"line":105,"column":null}},"65":{"start":{"line":106,"column":8},"end":{"line":106,"column":13}},"66":{"start":{"line":108,"column":8},"end":{"line":111,"column":9}},"67":{"start":{"line":109,"column":10},"end":{"line":109,"column":null}},"68":{"start":{"line":110,"column":10},"end":{"line":110,"column":16}},"69":{"start":{"line":112,"column":8},"end":{"line":112,"column":null}},"70":{"start":{"line":113,"column":8},"end":{"line":113,"column":13}},"71":{"start":{"line":115,"column":8},"end":{"line":115,"column":null}},"72":{"start":{"line":116,"column":8},"end":{"line":116,"column":13}},"73":{"start":{"line":118,"column":8},"end":{"line":118,"column":null}},"74":{"start":{"line":119,"column":8},"end":{"line":119,"column":13}},"75":{"start":{"line":121,"column":8},"end":{"line":121,"column":null}},"76":{"start":{"line":122,"column":8},"end":{"line":122,"column":13}},"77":{"start":{"line":124,"column":8},"end":{"line":124,"column":null}},"78":{"start":{"line":125,"column":8},"end":{"line":125,"column":13}},"79":{"start":{"line":127,"column":8},"end":{"line":127,"column":null}},"80":{"start":{"line":128,"column":8},"end":{"line":128,"column":13}},"81":{"start":{"line":130,"column":8},"end":{"line":130,"column":null}},"82":{"start":{"line":131,"column":8},"end":{"line":131,"column":13}},"83":{"start":{"line":133,"column":8},"end":{"line":133,"column":null}},"84":{"start":{"line":134,"column":8},"end":{"line":134,"column":13}},"85":{"start":{"line":136,"column":8},"end":{"line":141,"column":9}},"86":{"start":{"line":140,"column":10},"end":{"line":140,"column":16}},"87":{"start":{"line":142,"column":8},"end":{"line":146,"column":9}},"88":{"start":{"line":143,"column":10},"end":{"line":143,"column":null}},"89":{"start":{"line":145,"column":10},"end":{"line":145,"column":null}},"90":{"start":{"line":147,"column":8},"end":{"line":147,"column":13}},"91":{"start":{"line":150,"column":28},"end":{"line":160,"column":3}},"92":{"start":{"line":151,"column":4},"end":{"line":153,"column":5}},"93":{"start":{"line":152,"column":6},"end":{"line":152,"column":12}},"94":{"start":{"line":155,"column":4},"end":{"line":157,"column":5}},"95":{"start":{"line":156,"column":6},"end":{"line":156,"column":12}},"96":{"start":{"line":159,"column":4},"end":{"line":159,"column":null}},"97":{"start":{"line":162,"column":2},"end":{"line":195,"column":null}},"98":{"start":{"line":184,"column":12},"end":{"line":189,"column":null}},"99":{"start":{"line":187,"column":29},"end":{"line":187,"column":46}},"100":{"start":{"line":198,"column":0},"end":{"line":198,"column":null}}},"fnMap":{"0":{"name":"Calculator","decl":{"start":{"line":7,"column":9},"end":{"line":7,"column":19}},"loc":{"start":{"line":7,"column":42},"end":{"line":196,"column":1}}},"1":{"name":"(anonymous_7)","decl":{"start":{"line":13,"column":23},"end":{"line":13,"column":24}},"loc":{"start":{"line":13,"column":42},"end":{"line":22,"column":3}}},"2":{"name":"(anonymous_8)","decl":{"start":{"line":24,"column":20},"end":{"line":24,"column":21}},"loc":{"start":{"line":24,"column":38},"end":{"line":37,"column":3}}},"3":{"name":"(anonymous_9)","decl":{"start":{"line":39,"column":27},"end":{"line":39,"column":28}},"loc":{"start":{"line":39,"column":45},"end":{"line":54,"column":3}}},"4":{"name":"(anonymous_10)","decl":{"start":{"line":56,"column":22},"end":{"line":56,"column":25}},"loc":{"start":{"line":56,"column":27},"end":{"line":67,"column":3}}},"5":{"name":"(anonymous_11)","decl":{"start":{"line":69,"column":26},"end":{"line":69,"column":27}},"loc":{"start":{"line":69,"column":44},"end":{"line":86,"column":3}}},"6":{"name":"(anonymous_12)","decl":{"start":{"line":88,"column":25},"end":{"line":88,"column":26}},"loc":{"start":{"line":88,"column":46},"end":{"line":100,"column":3}}},"7":{"name":"(anonymous_13)","decl":{"start":{"line":102,"column":22},"end":{"line":102,"column":23}},"loc":{"start":{"line":102,"column":40},"end":{"line":149,"column":3}}},"8":{"name":"(anonymous_14)","decl":{"start":{"line":150,"column":28},"end":{"line":150,"column":29}},"loc":{"start":{"line":150,"column":71},"end":{"line":160,"column":3}}},"9":{"name":"(anonymous_15)","decl":{"start":{"line":183,"column":10},"end":{"line":183,"column":11}},"loc":{"start":{"line":184,"column":12},"end":{"line":189,"column":null}}},"10":{"name":"(anonymous_16)","decl":{"start":{"line":187,"column":23},"end":{"line":187,"column":26}},"loc":{"start":{"line":187,"column":29},"end":{"line":187,"column":46}}}},"branchMap":{"0":{"loc":{"start":{"line":14,"column":4},"end":{"line":16,"column":5}},"type":"if","locations":[{"start":{"line":14,"column":4},"end":{"line":16,"column":5}}]},"1":{"loc":{"start":{"line":14,"column":8},"end":{"line":14,"column":49}},"type":"binary-expr","locations":[{"start":{"line":14,"column":8},"end":{"line":14,"column":32}},{"start":{"line":14,"column":36},"end":{"line":14,"column":49}}]},"2":{"loc":{"start":{"line":17,"column":4},"end":{"line":20,"column":5}},"type":"if","locations":[{"start":{"line":17,"column":4},"end":{"line":20,"column":5}}]},"3":{"loc":{"start":{"line":17,"column":8},"end":{"line":17,"column":67}},"type":"binary-expr","locations":[{"start":{"line":17,"column":8},"end":{"line":17,"column":22}},{"start":{"line":17,"column":27},"end":{"line":17,"column":39}},{"start":{"line":17,"column":43},"end":{"line":17,"column":66}}]},"4":{"loc":{"start":{"line":27,"column":6},"end":{"line":29,"column":7}},"type":"if","locations":[{"start":{"line":27,"column":6},"end":{"line":29,"column":7}}]},"5":{"loc":{"start":{"line":40,"column":4},"end":{"line":43,"column":5}},"type":"if","locations":[{"start":{"line":40,"column":4},"end":{"line":43,"column":5}}]},"6":{"loc":{"start":{"line":44,"column":4},"end":{"line":50,"column":5}},"type":"if","locations":[{"start":{"line":44,"column":4},"end":{"line":50,"column":5}}]},"7":{"loc":{"start":{"line":44,"column":8},"end":{"line":44,"column":96}},"type":"binary-expr","locations":[{"start":{"line":44,"column":8},"end":{"line":44,"column":27}},{"start":{"line":44,"column":31},"end":{"line":44,"column":50}},{"start":{"line":44,"column":54},"end":{"line":44,"column":73}},{"start":{"line":44,"column":77},"end":{"line":44,"column":96}}]},"8":{"loc":{"start":{"line":46,"column":6},"end":{"line":49,"column":7}},"type":"if","locations":[{"start":{"line":46,"column":6},"end":{"line":49,"column":7}}]},"9":{"loc":{"start":{"line":57,"column":4},"end":{"line":60,"column":5}},"type":"if","locations":[{"start":{"line":57,"column":4},"end":{"line":60,"column":5}}]},"10":{"loc":{"start":{"line":57,"column":8},"end":{"line":57,"column":63}},"type":"binary-expr","locations":[{"start":{"line":57,"column":8},"end":{"line":57,"column":35}},{"start":{"line":57,"column":39},"end":{"line":57,"column":63}}]},"11":{"loc":{"start":{"line":62,"column":4},"end":{"line":64,"column":5}},"type":"if","locations":[{"start":{"line":62,"column":4},"end":{"line":64,"column":5}}]},"12":{"loc":{"start":{"line":62,"column":8},"end":{"line":62,"column":73}},"type":"binary-expr","locations":[{"start":{"line":62,"column":8},"end":{"line":62,"column":33}},{"start":{"line":62,"column":37},"end":{"line":62,"column":73}}]},"13":{"loc":{"start":{"line":62,"column":8},"end":{"line":62,"column":33}},"type":"cond-expr","locations":[{"start":{"line":62,"column":18},"end":{"line":62,"column":20}},{"start":{"line":62,"column":8},"end":{"line":62,"column":33}}]},"14":{"loc":{"start":{"line":62,"column":8},"end":{"line":62,"column":20}},"type":"binary-expr","locations":[{"start":{"line":62,"column":8},"end":{"line":62,"column":20}},{"start":{"line":62,"column":8},"end":{"line":62,"column":20}}]},"15":{"loc":{"start":{"line":70,"column":4},"end":{"line":73,"column":5}},"type":"if","locations":[{"start":{"line":70,"column":4},"end":{"line":73,"column":5}}]},"16":{"loc":{"start":{"line":70,"column":8},"end":{"line":70,"column":63}},"type":"binary-expr","locations":[{"start":{"line":70,"column":8},"end":{"line":70,"column":35}},{"start":{"line":70,"column":39},"end":{"line":70,"column":63}}]},"17":{"loc":{"start":{"line":74,"column":4},"end":{"line":77,"column":5}},"type":"if","locations":[{"start":{"line":74,"column":4},"end":{"line":77,"column":5}}]},"18":{"loc":{"start":{"line":74,"column":8},"end":{"line":74,"column":75}},"type":"binary-expr","locations":[{"start":{"line":74,"column":8},"end":{"line":74,"column":37}},{"start":{"line":74,"column":41},"end":{"line":74,"column":75}}]},"19":{"loc":{"start":{"line":78,"column":4},"end":{"line":84,"column":5}},"type":"if","locations":[{"start":{"line":78,"column":4},"end":{"line":84,"column":5}}]},"20":{"loc":{"start":{"line":78,"column":8},"end":{"line":78,"column":96}},"type":"binary-expr","locations":[{"start":{"line":78,"column":8},"end":{"line":78,"column":27}},{"start":{"line":78,"column":31},"end":{"line":78,"column":50}},{"start":{"line":78,"column":54},"end":{"line":78,"column":73}},{"start":{"line":78,"column":77},"end":{"line":78,"column":96}}]},"21":{"loc":{"start":{"line":80,"column":6},"end":{"line":83,"column":7}},"type":"if","locations":[{"start":{"line":80,"column":6},"end":{"line":83,"column":7}}]},"22":{"loc":{"start":{"line":89,"column":4},"end":{"line":94,"column":5}},"type":"if","locations":[{"start":{"line":89,"column":4},"end":{"line":94,"column":5}}]},"23":{"loc":{"start":{"line":90,"column":6},"end":{"line":91,"column":64}},"type":"binary-expr","locations":[{"start":{"line":90,"column":7},"end":{"line":90,"column":43}},{"start":{"line":90,"column":47},"end":{"line":90,"column":69}},{"start":{"line":91,"column":7},"end":{"line":91,"column":37}},{"start":{"line":91,"column":41},"end":{"line":91,"column":63}}]},"24":{"loc":{"start":{"line":95,"column":4},"end":{"line":98,"column":5}},"type":"if","locations":[{"start":{"line":95,"column":4},"end":{"line":98,"column":5}}]},"25":{"loc":{"start":{"line":95,"column":8},"end":{"line":95,"column":63}},"type":"binary-expr","locations":[{"start":{"line":95,"column":8},"end":{"line":95,"column":35}},{"start":{"line":95,"column":39},"end":{"line":95,"column":63}}]},"26":{"loc":{"start":{"line":103,"column":4},"end":{"line":148,"column":5}},"type":"switch","locations":[{"start":{"line":104,"column":6},"end":{"line":106,"column":13}},{"start":{"line":107,"column":6},"end":{"line":113,"column":13}},{"start":{"line":114,"column":6},"end":{"line":116,"column":13}},{"start":{"line":117,"column":6},"end":{"line":119,"column":13}},{"start":{"line":120,"column":6},"end":{"line":122,"column":13}},{"start":{"line":123,"column":6},"end":{"line":125,"column":13}},{"start":{"line":126,"column":6},"end":{"line":128,"column":13}},{"start":{"line":129,"column":6},"end":{"line":131,"column":13}},{"start":{"line":132,"column":6},"end":{"line":134,"column":13}},{"start":{"line":135,"column":6},"end":{"line":147,"column":13}}]},"27":{"loc":{"start":{"line":108,"column":8},"end":{"line":111,"column":9}},"type":"if","locations":[{"start":{"line":108,"column":8},"end":{"line":111,"column":9}}]},"28":{"loc":{"start":{"line":136,"column":8},"end":{"line":141,"column":9}},"type":"if","locations":[{"start":{"line":136,"column":8},"end":{"line":141,"column":9}}]},"29":{"loc":{"start":{"line":137,"column":10},"end":{"line":138,"column":97}},"type":"binary-expr","locations":[{"start":{"line":137,"column":10},"end":{"line":137,"column":36}},{"start":{"line":138,"column":11},"end":{"line":138,"column":41}},{"start":{"line":138,"column":45},"end":{"line":138,"column":96}}]},"30":{"loc":{"start":{"line":142,"column":8},"end":{"line":146,"column":9}},"type":"if","locations":[{"start":{"line":142,"column":8},"end":{"line":146,"column":9}},{"start":{"line":144,"column":15},"end":{"line":146,"column":9}}]},"31":{"loc":{"start":{"line":142,"column":12},"end":{"line":142,"column":110}},"type":"binary-expr","locations":[{"start":{"line":142,"column":13},"end":{"line":142,"column":33}},{"start":{"line":142,"column":37},"end":{"line":142,"column":50}},{"start":{"line":142,"column":55},"end":{"line":142,"column":82}},{"start":{"line":142,"column":86},"end":{"line":142,"column":110}}]},"32":{"loc":{"start":{"line":151,"column":4},"end":{"line":153,"column":5}},"type":"if","locations":[{"start":{"line":151,"column":4},"end":{"line":153,"column":5}}]},"33":{"loc":{"start":{"line":155,"column":4},"end":{"line":157,"column":5}},"type":"if","locations":[{"start":{"line":155,"column":4},"end":{"line":157,"column":5}}]},"34":{"loc":{"start":{"line":176,"column":38},"end":{"line":176,"column":83}},"type":"cond-expr","locations":[{"start":{"line":176,"column":64},"end":{"line":176,"column":78}},{"start":{"line":176,"column":81},"end":{"line":176,"column":83}}]},"35":{"loc":{"start":{"line":186,"column":35},"end":{"line":186,"column":69}},"type":"cond-expr","locations":[{"start":{"line":186,"column":50},"end":{"line":186,"column":64}},{"start":{"line":186,"column":67},"end":{"line":186,"column":69}}]},"36":{"loc":{"start":{"line":186,"column":73},"end":{"line":186,"column":129}},"type":"cond-expr","locations":[{"start":{"line":186,"column":116},"end":{"line":186,"column":124}},{"start":{"line":186,"column":127},"end":{"line":186,"column":129}}]},"37":{"loc":{"start":{"line":189,"column":15},"end":{"line":189,"column":65}},"type":"cond-expr","locations":[{"start":{"line":189,"column":55},"end":{"line":189,"column":58}},{"start":{"line":189,"column":61},"end":{"line":189,"column":65}}]},"38":{"loc":{"start":{"line":189,"column":15},"end":{"line":189,"column":52}},"type":"binary-expr","locations":[{"start":{"line":189,"column":15},"end":{"line":189,"column":28}},{"start":{"line":189,"column":32},"end":{"line":189,"column":52}}]}},"s":{"0":2,"1":2,"2":134,"3":134,"4":134,"5":134,"6":18,"7":12,"8":6,"9":3,"10":3,"11":3,"12":134,"13":15,"14":15,"15":15,"16":5,"17":15,"18":15,"19":15,"20":15,"21":0,"22":134,"23":5,"24":1,"25":1,"26":4,"27":1,"28":1,"29":1,"30":1,"31":3,"32":3,"33":3,"34":134,"35":5,"36":0,"37":0,"38":5,"39":5,"40":1,"41":4,"42":134,"43":5,"44":1,"45":1,"46":4,"47":1,"48":1,"49":3,"50":1,"51":1,"52":1,"53":1,"54":2,"55":134,"56":18,"57":0,"58":18,"59":0,"60":0,"61":18,"62":134,"63":110,"64":5,"65":5,"66":1,"67":0,"68":0,"69":1,"70":1,"71":5,"72":5,"73":5,"74":5,"75":3,"76":3,"77":5,"78":5,"79":3,"80":3,"81":7,"82":7,"83":15,"84":15,"85":61,"86":0,"87":61,"88":21,"89":40,"90":61,"91":134,"92":0,"93":0,"94":0,"95":0,"96":0,"97":134,"98":2546,"99":110,"100":2},"f":{"0":134,"1":18,"2":15,"3":5,"4":5,"5":5,"6":18,"7":110,"8":0,"9":2546,"10":110},"b":{"0":[12],"1":[18,13],"2":[3],"3":[6,4,4],"4":[5],"5":[1],"6":[1],"7":[4,4,3,3],"8":[1],"9":[0],"10":[5,5],"11":[1],"12":[5,4],"13":[0,5],"14":[5,5],"15":[1],"16":[5,4],"17":[1],"18":[4,1],"19":[1],"20":[3,2,2,2],"21":[1],"22":[0],"23":[18,0,18,0],"24":[0],"25":[18,18],"26":[5,1,5,5,3,5,3,7,15,61],"27":[0],"28":[0],"29":[61,61,31],"30":[21,40],"31":[61,21,40,40],"32":[0],"33":[0],"34":[16,118],"35":[134,2412],"36":[670,1876],"37":[100,2446],"38":[2546,134]}}
,"D:\\SET2024\\udttest\\react\\src\\components\\History\\History.tsx": {"path":"D:\\SET2024\\udttest\\react\\src\\components\\History\\History.tsx","statementMap":{"0":{"start":{"line":1,"column":0},"end":{"line":1,"column":25}},"1":{"start":{"line":2,"column":0},"end":{"line":2,"column":39}},"2":{"start":{"line":8,"column":22},"end":{"line":8,"column":27}},"3":{"start":{"line":9,"column":2},"end":{"line":21,"column":null}},"4":{"start":{"line":17,"column":10},"end":{"line":17,"column":56}},"5":{"start":{"line":24,"column":0},"end":{"line":24,"column":null}}},"fnMap":{"0":{"name":"History","decl":{"start":{"line":7,"column":9},"end":{"line":7,"column":16}},"loc":{"start":{"line":7,"column":36},"end":{"line":22,"column":1}}},"1":{"name":"(anonymous_2)","decl":{"start":{"line":16,"column":21},"end":{"line":16,"column":22}},"loc":{"start":{"line":17,"column":10},"end":{"line":17,"column":56}}}},"branchMap":{},"s":{"0":2,"1":2,"2":6,"3":6,"4":7,"5":2},"f":{"0":6,"1":7},"b":{}}
}
