{"D:\\SET2024\\udttest\\react\\src\\components\\App.tsx": {"path":"D:\\SET2024\\udttest\\react\\src\\components\\App.tsx","statementMap":{"0":{"start":{"line":1,"column":0},"end":{"line":1,"column":40}},"1":{"start":{"line":2,"column":0},"end":{"line":2,"column":48}},"2":{"start":{"line":3,"column":0},"end":{"line":3,"column":48}},"3":{"start":{"line":4,"column":0},"end":{"line":4,"column":39}},"4":{"start":{"line":7,"column":32},"end":{"line":7,"column":60}},"5":{"start":{"line":9,"column":2},"end":{"line":14,"column":null}},"6":{"start":{"line":10,"column":20},"end":{"line":10,"column":51}},"7":{"start":{"line":11,"column":4},"end":{"line":13,"column":5}},"8":{"start":{"line":12,"column":6},"end":{"line":12,"column":null}},"9":{"start":{"line":16,"column":2},"end":{"line":18,"column":null}},"10":{"start":{"line":17,"column":4},"end":{"line":17,"column":null}},"11":{"start":{"line":20,"column":30},"end":{"line":22,"column":3}},"12":{"start":{"line":21,"column":4},"end":{"line":21,"column":null}},"13":{"start":{"line":21,"column":25},"end":{"line":21,"column":43}},"14":{"start":{"line":23,"column":2},"end":{"line":28,"column":null}},"15":{"start":{"line":31,"column":0},"end":{"line":31,"column":null}}},"fnMap":{"0":{"name":"App","decl":{"start":{"line":6,"column":9},"end":{"line":6,"column":12}},"loc":{"start":{"line":6,"column":12},"end":{"line":29,"column":1}}},"1":{"name":"(anonymous_8)","decl":{"start":{"line":9,"column":12},"end":{"line":9,"column":15}},"loc":{"start":{"line":9,"column":17},"end":{"line":14,"column":3}}},"2":{"name":"(anonymous_9)","decl":{"start":{"line":16,"column":12},"end":{"line":16,"column":15}},"loc":{"start":{"line":16,"column":17},"end":{"line":18,"column":3}}},"3":{"name":"(anonymous_10)","decl":{"start":{"line":20,"column":30},"end":{"line":20,"column":31}},"loc":{"start":{"line":20,"column":50},"end":{"line":22,"column":3}}},"4":{"name":"(anonymous_11)","decl":{"start":{"line":21,"column":15},"end":{"line":21,"column":16}},"loc":{"start":{"line":21,"column":25},"end":{"line":21,"column":43}}}},"branchMap":{"0":{"loc":{"start":{"line":11,"column":4},"end":{"line":13,"column":5}},"type":"if","locations":[{"start":{"line":11,"column":4},"end":{"line":13,"column":5}}]}},"s":{"0":1,"1":1,"2":1,"3":1,"4":9,"5":9,"6":5,"7":5,"8":2,"9":9,"10":9,"11":9,"12":2,"13":2,"14":9,"15":1},"f":{"0":9,"1":5,"2":9,"3":2,"4":2},"b":{"0":[2]}}
,"D:\\SET2024\\udttest\\react\\src\\components\\Calculator\\Calculator.tsx": {"path":"D:\\SET2024\\udttest\\react\\src\\components\\Calculator\\Calculator.tsx","statementMap":{"0":{"start":{"line":1,"column":0},"end":{"line":1,"column":39}},"1":{"start":{"line":2,"column":0},"end":{"line":2,"column":39}},"2":{"start":{"line":8,"column":42},"end":{"line":8,"column":63}},"3":{"start":{"line":9,"column":34},"end":{"line":9,"column":39}},"4":{"start":{"line":11,"column":14},"end":{"line":11,"column":34}},"5":{"start":{"line":13,"column":23},"end":{"line":22,"column":3}},"6":{"start":{"line":14,"column":4},"end":{"line":16,"column":5}},"7":{"start":{"line":15,"column":6},"end":{"line":15,"column":null}},"8":{"start":{"line":17,"column":4},"end":{"line":20,"column":5}},"9":{"start":{"line":18,"column":27},"end":{"line":18,"column":50}},"10":{"start":{"line":19,"column":6},"end":{"line":19,"column":null}},"11":{"start":{"line":21,"column":4},"end":{"line":21,"column":null}},"12":{"start":{"line":24,"column":20},"end":{"line":43,"column":3}},"13":{"start":{"line":25,"column":4},"end":{"line":42,"column":5}},"14":{"start":{"line":26,"column":6},"end":{"line":29,"column":7}},"15":{"start":{"line":27,"column":8},"end":{"line":27,"column":null}},"16":{"start":{"line":28,"column":8},"end":{"line":28,"column":14}},"17":{"start":{"line":30,"column":6},"end":{"line":32,"column":7}},"18":{"start":{"line":31,"column":8},"end":{"line":31,"column":null}},"19":{"start":{"line":33,"column":6},"end":{"line":35,"column":7}},"20":{"start":{"line":34,"column":8},"end":{"line":34,"column":null}},"21":{"start":{"line":36,"column":21},"end":{"line":36,"column":32}},"22":{"start":{"line":37,"column":30},"end":{"line":37,"column":50}},"23":{"start":{"line":38,"column":6},"end":{"line":38,"column":null}},"24":{"start":{"line":39,"column":6},"end":{"line":39,"column":null}},"25":{"start":{"line":41,"column":6},"end":{"line":41,"column":null}},"26":{"start":{"line":45,"column":27},"end":{"line":49,"column":3}},"27":{"start":{"line":46,"column":19},"end":{"line":46,"column":61}},"28":{"start":{"line":47,"column":4},"end":{"line":47,"column":null}},"29":{"start":{"line":48,"column":4},"end":{"line":48,"column":null}},"30":{"start":{"line":51,"column":22},"end":{"line":58,"column":3}},"31":{"start":{"line":52,"column":23},"end":{"line":52,"column":61}},"32":{"start":{"line":53,"column":4},"end":{"line":55,"column":5}},"33":{"start":{"line":54,"column":6},"end":{"line":54,"column":12}},"34":{"start":{"line":57,"column":4},"end":{"line":57,"column":null}},"35":{"start":{"line":60,"column":25},"end":{"line":73,"column":3}},"36":{"start":{"line":61,"column":4},"end":{"line":66,"column":5}},"37":{"start":{"line":65,"column":6},"end":{"line":65,"column":12}},"38":{"start":{"line":67,"column":4},"end":{"line":70,"column":5}},"39":{"start":{"line":68,"column":6},"end":{"line":68,"column":null}},"40":{"start":{"line":69,"column":6},"end":{"line":69,"column":12}},"41":{"start":{"line":72,"column":4},"end":{"line":72,"column":null}},"42":{"start":{"line":75,"column":22},"end":{"line":122,"column":3}},"43":{"start":{"line":76,"column":4},"end":{"line":121,"column":5}},"44":{"start":{"line":78,"column":8},"end":{"line":78,"column":null}},"45":{"start":{"line":79,"column":8},"end":{"line":79,"column":13}},"46":{"start":{"line":81,"column":8},"end":{"line":84,"column":9}},"47":{"start":{"line":82,"column":10},"end":{"line":82,"column":null}},"48":{"start":{"line":83,"column":10},"end":{"line":83,"column":16}},"49":{"start":{"line":85,"column":8},"end":{"line":85,"column":null}},"50":{"start":{"line":86,"column":8},"end":{"line":86,"column":13}},"51":{"start":{"line":88,"column":8},"end":{"line":88,"column":null}},"52":{"start":{"line":89,"column":8},"end":{"line":89,"column":13}},"53":{"start":{"line":91,"column":8},"end":{"line":91,"column":null}},"54":{"start":{"line":92,"column":8},"end":{"line":92,"column":13}},"55":{"start":{"line":94,"column":8},"end":{"line":94,"column":null}},"56":{"start":{"line":95,"column":8},"end":{"line":95,"column":13}},"57":{"start":{"line":97,"column":8},"end":{"line":97,"column":null}},"58":{"start":{"line":98,"column":8},"end":{"line":98,"column":13}},"59":{"start":{"line":100,"column":8},"end":{"line":100,"column":null}},"60":{"start":{"line":101,"column":8},"end":{"line":101,"column":13}},"61":{"start":{"line":103,"column":8},"end":{"line":103,"column":null}},"62":{"start":{"line":104,"column":8},"end":{"line":104,"column":13}},"63":{"start":{"line":106,"column":8},"end":{"line":106,"column":null}},"64":{"start":{"line":107,"column":8},"end":{"line":107,"column":13}},"65":{"start":{"line":109,"column":8},"end":{"line":114,"column":9}},"66":{"start":{"line":113,"column":10},"end":{"line":113,"column":16}},"67":{"start":{"line":115,"column":8},"end":{"line":119,"column":9}},"68":{"start":{"line":116,"column":10},"end":{"line":116,"column":null}},"69":{"start":{"line":118,"column":10},"end":{"line":118,"column":null}},"70":{"start":{"line":120,"column":8},"end":{"line":120,"column":13}},"71":{"start":{"line":123,"column":28},"end":{"line":133,"column":3}},"72":{"start":{"line":124,"column":4},"end":{"line":126,"column":5}},"73":{"start":{"line":125,"column":6},"end":{"line":125,"column":12}},"74":{"start":{"line":128,"column":4},"end":{"line":130,"column":5}},"75":{"start":{"line":129,"column":6},"end":{"line":129,"column":12}},"76":{"start":{"line":132,"column":4},"end":{"line":132,"column":null}},"77":{"start":{"line":135,"column":2},"end":{"line":168,"column":null}},"78":{"start":{"line":157,"column":12},"end":{"line":162,"column":null}},"79":{"start":{"line":160,"column":29},"end":{"line":160,"column":46}},"80":{"start":{"line":171,"column":0},"end":{"line":171,"column":null}}},"fnMap":{"0":{"name":"Calculator","decl":{"start":{"line":7,"column":9},"end":{"line":7,"column":19}},"loc":{"start":{"line":7,"column":42},"end":{"line":169,"column":1}}},"1":{"name":"(anonymous_7)","decl":{"start":{"line":13,"column":23},"end":{"line":13,"column":24}},"loc":{"start":{"line":13,"column":42},"end":{"line":22,"column":3}}},"2":{"name":"(anonymous_8)","decl":{"start":{"line":24,"column":20},"end":{"line":24,"column":21}},"loc":{"start":{"line":24,"column":38},"end":{"line":43,"column":3}}},"3":{"name":"(anonymous_9)","decl":{"start":{"line":45,"column":27},"end":{"line":45,"column":28}},"loc":{"start":{"line":45,"column":45},"end":{"line":49,"column":3}}},"4":{"name":"(anonymous_10)","decl":{"start":{"line":51,"column":22},"end":{"line":51,"column":25}},"loc":{"start":{"line":51,"column":27},"end":{"line":58,"column":3}}},"5":{"name":"(anonymous_11)","decl":{"start":{"line":60,"column":25},"end":{"line":60,"column":26}},"loc":{"start":{"line":60,"column":46},"end":{"line":73,"column":3}}},"6":{"name":"(anonymous_12)","decl":{"start":{"line":75,"column":22},"end":{"line":75,"column":23}},"loc":{"start":{"line":75,"column":40},"end":{"line":122,"column":3}}},"7":{"name":"(anonymous_13)","decl":{"start":{"line":123,"column":28},"end":{"line":123,"column":29}},"loc":{"start":{"line":123,"column":71},"end":{"line":133,"column":3}}},"8":{"name":"(anonymous_14)","decl":{"start":{"line":156,"column":10},"end":{"line":156,"column":11}},"loc":{"start":{"line":157,"column":12},"end":{"line":162,"column":null}}},"9":{"name":"(anonymous_15)","decl":{"start":{"line":160,"column":23},"end":{"line":160,"column":26}},"loc":{"start":{"line":160,"column":29},"end":{"line":160,"column":46}}}},"branchMap":{"0":{"loc":{"start":{"line":14,"column":4},"end":{"line":16,"column":5}},"type":"if","locations":[{"start":{"line":14,"column":4},"end":{"line":16,"column":5}}]},"1":{"loc":{"start":{"line":14,"column":8},"end":{"line":14,"column":49}},"type":"binary-expr","locations":[{"start":{"line":14,"column":8},"end":{"line":14,"column":32}},{"start":{"line":14,"column":36},"end":{"line":14,"column":49}}]},"2":{"loc":{"start":{"line":17,"column":4},"end":{"line":20,"column":5}},"type":"if","locations":[{"start":{"line":17,"column":4},"end":{"line":20,"column":5}}]},"3":{"loc":{"start":{"line":17,"column":8},"end":{"line":17,"column":67}},"type":"binary-expr","locations":[{"start":{"line":17,"column":8},"end":{"line":17,"column":22}},{"start":{"line":17,"column":27},"end":{"line":17,"column":39}},{"start":{"line":17,"column":43},"end":{"line":17,"column":66}}]},"4":{"loc":{"start":{"line":26,"column":6},"end":{"line":29,"column":7}},"type":"if","locations":[{"start":{"line":26,"column":6},"end":{"line":29,"column":7}}]},"5":{"loc":{"start":{"line":26,"column":10},"end":{"line":26,"column":51}},"type":"binary-expr","locations":[{"start":{"line":26,"column":10},"end":{"line":26,"column":29}},{"start":{"line":26,"column":33},"end":{"line":26,"column":51}}]},"6":{"loc":{"start":{"line":30,"column":6},"end":{"line":32,"column":7}},"type":"if","locations":[{"start":{"line":30,"column":6},"end":{"line":32,"column":7}}]},"7":{"loc":{"start":{"line":33,"column":6},"end":{"line":35,"column":7}},"type":"if","locations":[{"start":{"line":33,"column":6},"end":{"line":35,"column":7}}]},"8":{"loc":{"start":{"line":53,"column":4},"end":{"line":55,"column":5}},"type":"if","locations":[{"start":{"line":53,"column":4},"end":{"line":55,"column":5}}]},"9":{"loc":{"start":{"line":53,"column":8},"end":{"line":53,"column":73}},"type":"binary-expr","locations":[{"start":{"line":53,"column":8},"end":{"line":53,"column":33}},{"start":{"line":53,"column":37},"end":{"line":53,"column":73}}]},"10":{"loc":{"start":{"line":53,"column":8},"end":{"line":53,"column":33}},"type":"cond-expr","locations":[{"start":{"line":53,"column":18},"end":{"line":53,"column":20}},{"start":{"line":53,"column":8},"end":{"line":53,"column":33}}]},"11":{"loc":{"start":{"line":53,"column":8},"end":{"line":53,"column":20}},"type":"binary-expr","locations":[{"start":{"line":53,"column":8},"end":{"line":53,"column":20}},{"start":{"line":53,"column":8},"end":{"line":53,"column":20}}]},"12":{"loc":{"start":{"line":61,"column":4},"end":{"line":66,"column":5}},"type":"if","locations":[{"start":{"line":61,"column":4},"end":{"line":66,"column":5}}]},"13":{"loc":{"start":{"line":62,"column":6},"end":{"line":63,"column":64}},"type":"binary-expr","locations":[{"start":{"line":62,"column":7},"end":{"line":62,"column":43}},{"start":{"line":62,"column":47},"end":{"line":62,"column":69}},{"start":{"line":63,"column":7},"end":{"line":63,"column":37}},{"start":{"line":63,"column":41},"end":{"line":63,"column":63}}]},"14":{"loc":{"start":{"line":67,"column":4},"end":{"line":70,"column":5}},"type":"if","locations":[{"start":{"line":67,"column":4},"end":{"line":70,"column":5}}]},"15":{"loc":{"start":{"line":76,"column":4},"end":{"line":121,"column":5}},"type":"switch","locations":[{"start":{"line":77,"column":6},"end":{"line":79,"column":13}},{"start":{"line":80,"column":6},"end":{"line":86,"column":13}},{"start":{"line":87,"column":6},"end":{"line":89,"column":13}},{"start":{"line":90,"column":6},"end":{"line":92,"column":13}},{"start":{"line":93,"column":6},"end":{"line":95,"column":13}},{"start":{"line":96,"column":6},"end":{"line":98,"column":13}},{"start":{"line":99,"column":6},"end":{"line":101,"column":13}},{"start":{"line":102,"column":6},"end":{"line":104,"column":13}},{"start":{"line":105,"column":6},"end":{"line":107,"column":13}},{"start":{"line":108,"column":6},"end":{"line":120,"column":13}}]},"16":{"loc":{"start":{"line":81,"column":8},"end":{"line":84,"column":9}},"type":"if","locations":[{"start":{"line":81,"column":8},"end":{"line":84,"column":9}}]},"17":{"loc":{"start":{"line":109,"column":8},"end":{"line":114,"column":9}},"type":"if","locations":[{"start":{"line":109,"column":8},"end":{"line":114,"column":9}}]},"18":{"loc":{"start":{"line":110,"column":10},"end":{"line":111,"column":97}},"type":"binary-expr","locations":[{"start":{"line":110,"column":10},"end":{"line":110,"column":36}},{"start":{"line":111,"column":11},"end":{"line":111,"column":41}},{"start":{"line":111,"column":45},"end":{"line":111,"column":96}}]},"19":{"loc":{"start":{"line":115,"column":8},"end":{"line":119,"column":9}},"type":"if","locations":[{"start":{"line":115,"column":8},"end":{"line":119,"column":9}},{"start":{"line":117,"column":15},"end":{"line":119,"column":9}}]},"20":{"loc":{"start":{"line":115,"column":12},"end":{"line":115,"column":49}},"type":"binary-expr","locations":[{"start":{"line":115,"column":12},"end":{"line":115,"column":32}},{"start":{"line":115,"column":36},"end":{"line":115,"column":49}}]},"21":{"loc":{"start":{"line":124,"column":4},"end":{"line":126,"column":5}},"type":"if","locations":[{"start":{"line":124,"column":4},"end":{"line":126,"column":5}}]},"22":{"loc":{"start":{"line":128,"column":4},"end":{"line":130,"column":5}},"type":"if","locations":[{"start":{"line":128,"column":4},"end":{"line":130,"column":5}}]},"23":{"loc":{"start":{"line":149,"column":38},"end":{"line":149,"column":83}},"type":"cond-expr","locations":[{"start":{"line":149,"column":64},"end":{"line":149,"column":78}},{"start":{"line":149,"column":81},"end":{"line":149,"column":83}}]},"24":{"loc":{"start":{"line":159,"column":35},"end":{"line":159,"column":69}},"type":"cond-expr","locations":[{"start":{"line":159,"column":50},"end":{"line":159,"column":64}},{"start":{"line":159,"column":67},"end":{"line":159,"column":69}}]},"25":{"loc":{"start":{"line":159,"column":73},"end":{"line":159,"column":129}},"type":"cond-expr","locations":[{"start":{"line":159,"column":116},"end":{"line":159,"column":124}},{"start":{"line":159,"column":127},"end":{"line":159,"column":129}}]},"26":{"loc":{"start":{"line":162,"column":15},"end":{"line":162,"column":65}},"type":"cond-expr","locations":[{"start":{"line":162,"column":55},"end":{"line":162,"column":58}},{"start":{"line":162,"column":61},"end":{"line":162,"column":65}}]},"27":{"loc":{"start":{"line":162,"column":15},"end":{"line":162,"column":52}},"type":"binary-expr","locations":[{"start":{"line":162,"column":15},"end":{"line":162,"column":28}},{"start":{"line":162,"column":32},"end":{"line":162,"column":52}}]}},"s":{"0":2,"1":2,"2":114,"3":114,"4":114,"5":114,"6":13,"7":9,"8":4,"9":2,"10":2,"11":2,"12":114,"13":14,"14":14,"15":4,"16":4,"17":10,"18":1,"19":10,"20":0,"21":10,"22":10,"23":10,"24":10,"25":0,"26":114,"27":3,"28":3,"29":3,"30":114,"31":5,"32":5,"33":1,"34":4,"35":114,"36":14,"37":0,"38":14,"39":4,"40":4,"41":10,"42":114,"43":93,"44":5,"45":5,"46":1,"47":0,"48":0,"49":1,"50":1,"51":2,"52":2,"53":3,"54":3,"55":2,"56":2,"57":5,"58":5,"59":2,"60":2,"61":5,"62":5,"63":14,"64":14,"65":54,"66":0,"67":54,"68":17,"69":37,"70":54,"71":114,"72":0,"73":0,"74":0,"75":0,"76":0,"77":114,"78":2166,"79":93,"80":2},"f":{"0":114,"1":13,"2":14,"3":3,"4":5,"5":14,"6":93,"7":0,"8":2166,"9":93},"b":{"0":[9],"1":[13,10],"2":[2],"3":[4,3,3],"4":[4],"5":[14,4],"6":[1],"7":[0],"8":[1],"9":[5,4],"10":[0,5],"11":[5,5],"12":[0],"13":[14,0,14,0],"14":[4],"15":[5,1,2,3,2,5,2,5,14,54],"16":[0],"17":[0],"18":[54,54,27],"19":[17,37],"20":[54,17],"21":[0],"22":[0],"23":[16,98],"24":[114,2052],"25":[570,1596],"26":[83,2083],"27":[2166,114]}}
,"D:\\SET2024\\udttest\\react\\src\\components\\History\\History.tsx": {"path":"D:\\SET2024\\udttest\\react\\src\\components\\History\\History.tsx","statementMap":{"0":{"start":{"line":1,"column":0},"end":{"line":1,"column":25}},"1":{"start":{"line":2,"column":0},"end":{"line":2,"column":39}},"2":{"start":{"line":8,"column":22},"end":{"line":8,"column":27}},"3":{"start":{"line":9,"column":2},"end":{"line":21,"column":null}},"4":{"start":{"line":17,"column":10},"end":{"line":17,"column":56}},"5":{"start":{"line":24,"column":0},"end":{"line":24,"column":null}}},"fnMap":{"0":{"name":"History","decl":{"start":{"line":7,"column":9},"end":{"line":7,"column":16}},"loc":{"start":{"line":7,"column":36},"end":{"line":22,"column":1}}},"1":{"name":"(anonymous_2)","decl":{"start":{"line":16,"column":21},"end":{"line":16,"column":22}},"loc":{"start":{"line":17,"column":10},"end":{"line":17,"column":56}}}},"branchMap":{},"s":{"0":2,"1":2,"2":6,"3":6,"4":7,"5":2},"f":{"0":6,"1":7},"b":{}}
}
