TN:
SF:src\components\App.tsx
FN:6,App
FN:9,(anonymous_8)
FN:16,(anonymous_9)
FN:20,(anonymous_10)
FN:21,(anonymous_11)
FNF:5
FNH:5
FNDA:9,App
FNDA:5,(anonymous_8)
FNDA:9,(anonymous_9)
FNDA:2,(anonymous_10)
FNDA:2,(anonymous_11)
DA:1,1
DA:2,1
DA:3,1
DA:4,1
DA:7,9
DA:9,9
DA:10,5
DA:11,5
DA:12,2
DA:16,9
DA:17,9
DA:20,9
DA:21,2
DA:23,9
DA:31,1
LF:15
LH:15
BRDA:11,0,0,2
BRF:1
BRH:1
end_of_record
TN:
SF:src\components\Calculator\Calculator.tsx
FN:7,Calculator
FN:13,(anonymous_7)
FN:24,(anonymous_8)
FN:39,(anonymous_9)
FN:56,(anonymous_10)
FN:69,(anonymous_11)
FN:88,(anonymous_12)
FN:102,(anonymous_13)
FN:150,(anonymous_14)
FN:183,(anonymous_15)
FN:187,(anonymous_16)
FNF:11
FNH:10
FNDA:134,Calculator
FNDA:18,(anonymous_7)
FNDA:15,(anonymous_8)
FNDA:5,(anonymous_9)
FNDA:5,(anonymous_10)
FNDA:5,(anonymous_11)
FNDA:18,(anonymous_12)
FNDA:110,(anonymous_13)
FNDA:0,(anonymous_14)
FNDA:2546,(anonymous_15)
FNDA:110,(anonymous_16)
DA:1,2
DA:2,2
DA:8,134
DA:9,134
DA:11,134
DA:13,134
DA:14,18
DA:15,12
DA:17,6
DA:18,3
DA:19,3
DA:21,3
DA:24,134
DA:25,15
DA:26,15
DA:27,15
DA:28,5
DA:30,15
DA:31,15
DA:32,15
DA:33,15
DA:35,0
DA:39,134
DA:40,5
DA:41,1
DA:42,1
DA:44,4
DA:45,1
DA:46,1
DA:47,1
DA:48,1
DA:51,3
DA:52,3
DA:53,3
DA:56,134
DA:57,5
DA:58,0
DA:59,0
DA:61,5
DA:62,5
DA:63,1
DA:66,4
DA:69,134
DA:70,5
DA:71,1
DA:72,1
DA:74,4
DA:75,1
DA:76,1
DA:78,3
DA:79,1
DA:80,1
DA:81,1
DA:82,1
DA:85,2
DA:88,134
DA:89,18
DA:93,0
DA:95,18
DA:96,0
DA:97,0
DA:99,18
DA:102,134
DA:103,110
DA:105,5
DA:106,5
DA:108,1
DA:109,0
DA:110,0
DA:112,1
DA:113,1
DA:115,5
DA:116,5
DA:118,5
DA:119,5
DA:121,3
DA:122,3
DA:124,5
DA:125,5
DA:127,3
DA:128,3
DA:130,7
DA:131,7
DA:133,15
DA:134,15
DA:136,61
DA:140,0
DA:142,61
DA:143,21
DA:145,40
DA:147,61
DA:150,134
DA:151,0
DA:152,0
DA:155,0
DA:156,0
DA:159,0
DA:162,134
DA:184,2546
DA:187,110
DA:198,2
LF:101
LH:87
BRDA:14,0,0,12
BRDA:14,1,0,18
BRDA:14,1,1,13
BRDA:17,2,0,3
BRDA:17,3,0,6
BRDA:17,3,1,4
BRDA:17,3,2,4
BRDA:27,4,0,5
BRDA:40,5,0,1
BRDA:44,6,0,1
BRDA:44,7,0,4
BRDA:44,7,1,4
BRDA:44,7,2,3
BRDA:44,7,3,3
BRDA:46,8,0,1
BRDA:57,9,0,0
BRDA:57,10,0,5
BRDA:57,10,1,5
BRDA:62,11,0,1
BRDA:62,12,0,5
BRDA:62,12,1,4
BRDA:62,13,0,0
BRDA:62,13,1,5
BRDA:62,14,0,5
BRDA:62,14,1,5
BRDA:70,15,0,1
BRDA:70,16,0,5
BRDA:70,16,1,4
BRDA:74,17,0,1
BRDA:74,18,0,4
BRDA:74,18,1,1
BRDA:78,19,0,1
BRDA:78,20,0,3
BRDA:78,20,1,2
BRDA:78,20,2,2
BRDA:78,20,3,2
BRDA:80,21,0,1
BRDA:89,22,0,0
BRDA:90,23,0,18
BRDA:90,23,1,0
BRDA:90,23,2,18
BRDA:90,23,3,0
BRDA:95,24,0,0
BRDA:95,25,0,18
BRDA:95,25,1,18
BRDA:103,26,0,5
BRDA:103,26,1,1
BRDA:103,26,2,5
BRDA:103,26,3,5
BRDA:103,26,4,3
BRDA:103,26,5,5
BRDA:103,26,6,3
BRDA:103,26,7,7
BRDA:103,26,8,15
BRDA:103,26,9,61
BRDA:108,27,0,0
BRDA:136,28,0,0
BRDA:137,29,0,61
BRDA:137,29,1,61
BRDA:137,29,2,31
BRDA:142,30,0,21
BRDA:142,30,1,40
BRDA:142,31,0,61
BRDA:142,31,1,21
BRDA:142,31,2,40
BRDA:142,31,3,40
BRDA:151,32,0,0
BRDA:155,33,0,0
BRDA:176,34,0,16
BRDA:176,34,1,118
BRDA:186,35,0,134
BRDA:186,35,1,2412
BRDA:186,36,0,670
BRDA:186,36,1,1876
BRDA:189,37,0,100
BRDA:189,37,1,2446
BRDA:189,38,0,2546
BRDA:189,38,1,134
BRF:78
BRH:68
end_of_record
TN:
SF:src\components\History\History.tsx
FN:7,History
FN:16,(anonymous_2)
FNF:2
FNH:2
FNDA:6,History
FNDA:7,(anonymous_2)
DA:1,2
DA:2,2
DA:8,6
DA:9,6
DA:17,7
DA:24,2
LF:6
LH:6
BRF:0
BRH:0
end_of_record
