TN:
SF:src\components\App.tsx
FN:6,App
FN:9,(anonymous_8)
FN:16,(anonymous_9)
FN:20,(anonymous_10)
FN:21,(anonymous_11)
FNF:5
FNH:5
FNDA:9,App
FNDA:5,(anonymous_8)
FNDA:9,(anonymous_9)
FNDA:2,(anonymous_10)
FNDA:2,(anonymous_11)
DA:1,1
DA:2,1
DA:3,1
DA:4,1
DA:7,9
DA:9,9
DA:10,5
DA:11,5
DA:12,2
DA:16,9
DA:17,9
DA:20,9
DA:21,2
DA:23,9
DA:31,1
LF:15
LH:15
BRDA:11,0,0,2
BRF:1
BRH:1
end_of_record
TN:
SF:src\components\Calculator\Calculator.tsx
FN:7,Calculator
FN:13,(anonymous_7)
FN:24,(anonymous_8)
FN:45,(anonymous_9)
FN:51,(anonymous_10)
FN:60,(anonymous_11)
FN:75,(anonymous_12)
FN:123,(anonymous_13)
FN:156,(anonymous_14)
FN:160,(anonymous_15)
FNF:10
FNH:9
FNDA:114,Calculator
FNDA:13,(anonymous_7)
FNDA:14,(anonymous_8)
FNDA:3,(anonymous_9)
FNDA:5,(anonymous_10)
FNDA:14,(anonymous_11)
FNDA:93,(anonymous_12)
FNDA:0,(anonymous_13)
FNDA:2166,(anonymous_14)
FNDA:93,(anonymous_15)
DA:1,2
DA:2,2
DA:8,114
DA:9,114
DA:11,114
DA:13,114
DA:14,13
DA:15,9
DA:17,4
DA:18,2
DA:19,2
DA:21,2
DA:24,114
DA:25,14
DA:26,14
DA:27,4
DA:28,4
DA:30,10
DA:31,1
DA:33,10
DA:34,0
DA:36,10
DA:37,10
DA:38,10
DA:39,10
DA:41,0
DA:45,114
DA:46,3
DA:47,3
DA:48,3
DA:51,114
DA:52,5
DA:53,5
DA:54,1
DA:57,4
DA:60,114
DA:61,14
DA:65,0
DA:67,14
DA:68,4
DA:69,4
DA:72,10
DA:75,114
DA:76,93
DA:78,5
DA:79,5
DA:81,1
DA:82,0
DA:83,0
DA:85,1
DA:86,1
DA:88,2
DA:89,2
DA:91,3
DA:92,3
DA:94,2
DA:95,2
DA:97,5
DA:98,5
DA:100,2
DA:101,2
DA:103,5
DA:104,5
DA:106,14
DA:107,14
DA:109,54
DA:113,0
DA:115,54
DA:116,17
DA:118,37
DA:120,54
DA:123,114
DA:124,0
DA:125,0
DA:128,0
DA:129,0
DA:132,0
DA:135,114
DA:157,2166
DA:160,93
DA:171,2
LF:81
LH:70
BRDA:14,0,0,9
BRDA:14,1,0,13
BRDA:14,1,1,10
BRDA:17,2,0,2
BRDA:17,3,0,4
BRDA:17,3,1,3
BRDA:17,3,2,3
BRDA:26,4,0,4
BRDA:26,5,0,14
BRDA:26,5,1,4
BRDA:30,6,0,1
BRDA:33,7,0,0
BRDA:53,8,0,1
BRDA:53,9,0,5
BRDA:53,9,1,4
BRDA:53,10,0,0
BRDA:53,10,1,5
BRDA:53,11,0,5
BRDA:53,11,1,5
BRDA:61,12,0,0
BRDA:62,13,0,14
BRDA:62,13,1,0
BRDA:62,13,2,14
BRDA:62,13,3,0
BRDA:67,14,0,4
BRDA:76,15,0,5
BRDA:76,15,1,1
BRDA:76,15,2,2
BRDA:76,15,3,3
BRDA:76,15,4,2
BRDA:76,15,5,5
BRDA:76,15,6,2
BRDA:76,15,7,5
BRDA:76,15,8,14
BRDA:76,15,9,54
BRDA:81,16,0,0
BRDA:109,17,0,0
BRDA:110,18,0,54
BRDA:110,18,1,54
BRDA:110,18,2,27
BRDA:115,19,0,17
BRDA:115,19,1,37
BRDA:115,20,0,54
BRDA:115,20,1,17
BRDA:124,21,0,0
BRDA:128,22,0,0
BRDA:149,23,0,16
BRDA:149,23,1,98
BRDA:159,24,0,114
BRDA:159,24,1,2052
BRDA:159,25,0,570
BRDA:159,25,1,1596
BRDA:162,26,0,83
BRDA:162,26,1,2083
BRDA:162,27,0,2166
BRDA:162,27,1,114
BRF:56
BRH:47
end_of_record
TN:
SF:src\components\History\History.tsx
FN:7,History
FN:16,(anonymous_2)
FNF:2
FNH:2
FNDA:6,History
FNDA:7,(anonymous_2)
DA:1,2
DA:2,2
DA:8,6
DA:9,6
DA:17,7
DA:24,2
LF:6
LH:6
BRF:0
BRH:0
end_of_record
